[NX Daemon Server] - 2023-12-01T21:23:34.447Z - Started listening on: \\.\pipe\nx\C:\Users\Fabio\AppData\Local\Temp\b5f5f49a3bd0a71c17de\d.sock
[NX Daemon Server] - 2023-12-01T21:23:34.448Z - [WATCHER]: Subscribed to changes within: c:\Users\Fabio\source\TicTacToeRefresh\frontend (native)
[NX Daemon Server] - 2023-12-01T21:23:34.461Z - Established a connection. Number of open connections: 1
[NX Daemon Server] - 2023-12-01T21:23:34.462Z - Closed a connection. Number of open connections: 0
[NX Daemon Server] - 2023-12-01T21:23:34.462Z - Established a connection. Number of open connections: 1
[NX Daemon Server] - 2023-12-01T21:23:34.463Z - [REQUEST]: Client Request for Project Graph Received
[NX Daemon Server] - 2023-12-01T21:23:34.504Z - [REQUEST]: Updated file-hasher based on watched changes, recomputing project graph...
[NX Daemon Server] - 2023-12-01T21:23:34.504Z - [REQUEST]: 
[NX Daemon Server] - 2023-12-01T21:23:34.504Z - [REQUEST]: 
[NX Daemon Server] - 2023-12-01T21:23:34.623Z - [REQUEST]: Responding to the client. project-graph
[NX Daemon Server] - 2023-12-01T21:23:34.624Z - Time taken for 'total for creating and serializing project graph' 160.45070004463196ms
[NX Daemon Server] - 2023-12-01T21:23:34.624Z - Done responding to the client project-graph
[NX Daemon Server] - 2023-12-01T21:23:34.624Z - Handled REQUEST_PROJECT_GRAPH. Handling time: 160. Response time: 1.
[NX Daemon Server] - 2023-12-01T21:23:34.626Z - Closed a connection. Number of open connections: 0
[NX Daemon Server] - 2023-12-01T21:23:34.627Z - Established a connection. Number of open connections: 1
[NX Daemon Server] - 2023-12-01T21:23:34.627Z - Closed a connection. Number of open connections: 0
[NX Daemon Server] - 2023-12-01T21:23:34.627Z - Established a connection. Number of open connections: 1
[NX Daemon Server] - 2023-12-01T21:23:34.628Z - [REQUEST]: Responding to the client. handleRequestFileData
[NX Daemon Server] - 2023-12-01T21:23:34.628Z - Done responding to the client handleRequestFileData
[NX Daemon Server] - 2023-12-01T21:23:34.628Z - Handled REQUEST_FILE_DATA. Handling time: 0. Response time: 0.
[NX Daemon Server] - 2023-12-01T21:23:46.457Z - Established a connection. Number of open connections: 2
[NX Daemon Server] - 2023-12-01T21:23:46.457Z - Closed a connection. Number of open connections: 1
[NX Daemon Server] - 2023-12-01T21:23:46.457Z - Established a connection. Number of open connections: 2
[NX Daemon Server] - 2023-12-01T21:23:46.459Z - [REQUEST]: Client Request for Project Graph Received
[NX Daemon Server] - 2023-12-01T21:23:46.459Z - [REQUEST]: Responding to the client. project-graph
[NX Daemon Server] - 2023-12-01T21:23:46.460Z - Time taken for 'total for creating and serializing project graph' 0.17100000381469727ms
[NX Daemon Server] - 2023-12-01T21:23:46.460Z - Done responding to the client project-graph
[NX Daemon Server] - 2023-12-01T21:23:46.460Z - Handled REQUEST_PROJECT_GRAPH. Handling time: 0. Response time: 1.
[NX Daemon Server] - 2023-12-01T21:23:46.490Z - [REQUEST]: Responding to the client. handleHashTasks
[NX Daemon Server] - 2023-12-01T21:23:46.491Z - Done responding to the client handleHashTasks
[NX Daemon Server] - 2023-12-01T21:23:46.491Z - Handled HASH_TASKS. Handling time: 14. Response time: 1.
[NX Daemon Server] - 2023-12-01T21:23:49.181Z - Established a connection. Number of open connections: 3
[NX Daemon Server] - 2023-12-01T21:23:49.181Z - Closed a connection. Number of open connections: 2
[NX Daemon Server] - 2023-12-01T21:23:49.181Z - Established a connection. Number of open connections: 3
[NX Daemon Server] - 2023-12-01T21:23:49.183Z - [REQUEST]: Client Request for Project Graph Received
[NX Daemon Server] - 2023-12-01T21:23:49.183Z - [REQUEST]: Responding to the client. project-graph
[NX Daemon Server] - 2023-12-01T21:23:49.184Z - Time taken for 'total for creating and serializing project graph' 0.12189984321594238ms
[NX Daemon Server] - 2023-12-01T21:23:49.184Z - Done responding to the client project-graph
[NX Daemon Server] - 2023-12-01T21:23:49.184Z - Handled REQUEST_PROJECT_GRAPH. Handling time: 0. Response time: 1.
[NX Daemon Server] - 2023-12-01T21:24:03.490Z - [WATCHER]: Processing file changes in outputs
[NX Daemon Server] - 2023-12-01T21:24:03.556Z - [WATCHER]: Processing file changes in outputs
[NX Daemon Server] - 2023-12-01T21:24:03.649Z - [WATCHER]: Processing file changes in outputs
[NX Daemon Server] - 2023-12-01T21:24:03.757Z - [WATCHER]: Processing file changes in outputs
[NX Daemon Server] - 2023-12-01T21:24:03.825Z - [WATCHER]: Processing file changes in outputs
[NX Daemon Server] - 2023-12-01T21:24:03.880Z - [WATCHER]: Processing file changes in outputs
[NX Daemon Server] - 2023-12-01T21:24:03.945Z - [WATCHER]: Processing file changes in outputs
[NX Daemon Server] - 2023-12-01T21:24:04.227Z - [WATCHER]: Processing file changes in outputs
[NX Daemon Server] - 2023-12-01T21:24:04.323Z - [WATCHER]: Processing file changes in outputs
[NX Daemon Server] - 2023-12-01T21:24:04.712Z - [WATCHER]: Processing file changes in outputs
[NX Daemon Server] - 2023-12-01T21:24:04.837Z - [WATCHER]: Processing file changes in outputs
[NX Daemon Server] - 2023-12-01T21:24:04.930Z - [WATCHER]: Processing file changes in outputs
[NX Daemon Server] - 2023-12-01T21:24:05.037Z - [WATCHER]: Processing file changes in outputs
[NX Daemon Server] - 2023-12-01T21:24:05.147Z - [WATCHER]: Processing file changes in outputs
[NX Daemon Server] - 2023-12-01T21:24:05.348Z - [WATCHER]: Processing file changes in outputs
[NX Daemon Server] - 2023-12-01T21:24:05.398Z - [WATCHER]: Processing file changes in outputs
[NX Daemon Server] - 2023-12-01T21:24:05.452Z - [WATCHER]: Processing file changes in outputs
[NX Daemon Server] - 2023-12-01T21:24:05.505Z - [WATCHER]: Processing file changes in outputs
[NX Daemon Server] - 2023-12-01T21:24:05.564Z - [WATCHER]: Processing file changes in outputs
[NX Daemon Server] - 2023-12-01T21:24:05.628Z - [WATCHER]: Processing file changes in outputs
[NX Daemon Server] - 2023-12-01T21:24:05.736Z - [WATCHER]: Processing file changes in outputs
[NX Daemon Server] - 2023-12-01T21:24:05.786Z - [WATCHER]: Processing file changes in outputs
[NX Daemon Server] - 2023-12-01T21:24:05.838Z - [WATCHER]: Processing file changes in outputs
[NX Daemon Server] - 2023-12-01T21:24:05.896Z - [WATCHER]: Processing file changes in outputs
[NX Daemon Server] - 2023-12-01T21:24:05.970Z - [WATCHER]: Processing file changes in outputs
[NX Daemon Server] - 2023-12-01T21:24:06.023Z - [WATCHER]: Processing file changes in outputs
[NX Daemon Server] - 2023-12-01T21:24:06.084Z - [WATCHER]: Processing file changes in outputs
[NX Daemon Server] - 2023-12-01T21:24:08.361Z - [WATCHER]: Processing file changes in outputs
[NX Daemon Server] - 2023-12-01T21:26:24.038Z - [WATCHER]: Processing file changes in outputs
[NX Daemon Server] - 2023-12-01T21:26:24.039Z - [WATCHER]: 0 file(s) created or restored, 4 file(s) modified, 0 file(s) deleted
[NX Daemon Server] - 2023-12-01T21:26:24.154Z - [REQUEST]: Updated file-hasher based on watched changes, recomputing project graph...
[NX Daemon Server] - 2023-12-01T21:26:24.154Z - [REQUEST]: apps/TicTacToe/src/app/game-status-display/game-status-display.component.ts,apps/TicTacToe/src/app/app.module.ts,apps/TicTacToe/src/app/cell/cell.component.ts,apps/TicTacToe/src/app/board/board.component.ts
[NX Daemon Server] - 2023-12-01T21:26:24.154Z - [REQUEST]: 
[NX Daemon Server] - 2023-12-01T21:26:24.172Z - Time taken for 'hash changed files from watcher' 0.32220005989074707ms
[NX Daemon Server] - 2023-12-01T21:26:24.298Z - [WATCHER]: Processing file changes in outputs
[NX Daemon Server] - 2023-12-01T21:26:24.350Z - [WATCHER]: Processing file changes in outputs
[NX Daemon Server] - 2023-12-01T21:26:24.414Z - [WATCHER]: Processing file changes in outputs
